<?xml version="1.0" encoding="UTF-8"?>
<Site BuildName="(empty)"
	BuildStamp="20240806-1551-Experimental"
	Name="lattinone-VirtualBox"
	Generator="ctest-3.16.3"
	CompilerName="/usr/bin/c++"
	CompilerVersion="9.4.0"
	OSName="Linux"
	Hostname="lattinone-VirtualBox"
	OSRelease="5.15.0-117-generic"
	OSVersion="#127~20.04.1-Ubuntu SMP Thu Jul 11 15:36:12 UTC 2024"
	OSPlatform="x86_64"
	Is64Bits="1"
	VendorString="GenuineIntel"
	VendorID="Intel Corporation"
	FamilyID="6"
	ModelID="141"
	ProcessorCacheSize="18432"
	NumberOfLogicalCPU="4"
	NumberOfPhysicalCPU="4"
	TotalVirtualMemory="1401"
	TotalPhysicalMemory="7841"
	LogicalProcessorsPerPhysical="1"
	ProcessorClockFrequency="2918.4"
	>
	<Testing>
		<StartDateTime>Aug 06 17:51 CEST</StartDateTime>
		<StartTestTime>1722959507</StartTestTime>
		<TestList/>
		<EndDateTime>Aug 06 17:51 CEST</EndDateTime>
		<EndTestTime>1722959507</EndTestTime>
		<ElapsedMinutes>0</ElapsedMinutes>
	</Testing>
</Site>
