<?xml version="1.0" encoding="UTF-8"?>
<Site BuildName="(empty)"
	BuildStamp="20240725-1705-Experimental"
	Name="lattinone-VirtualBox"
	Generator="ctest-3.16.3"
	CompilerName="/usr/bin/c++"
	CompilerVersion="9.4.0"
	OSName="Linux"
	Hostname="lattinone-VirtualBox"
	OSRelease="5.15.0-116-generic"
	OSVersion="#126~20.04.1-Ubuntu SMP Mon Jul 1 15:40:07 UTC 2024"
	OSPlatform="x86_64"
	Is64Bits="1"
	VendorString="GenuineIntel"
	VendorID="Intel Corporation"
	FamilyID="6"
	ModelID="141"
	ProcessorCacheSize="18432"
	NumberOfLogicalCPU="4"
	NumberOfPhysicalCPU="4"
	TotalVirtualMemory="1401"
	TotalPhysicalMemory="7841"
	LogicalProcessorsPerPhysical="1"
	ProcessorClockFrequency="2918.4"
	>
	<Testing>
		<StartDateTime>Jul 25 19:05 CEST</StartDateTime>
		<StartTestTime>1721927124</StartTestTime>
		<TestList/>
		<EndDateTime>Jul 25 19:05 CEST</EndDateTime>
		<EndTestTime>1721927124</EndTestTime>
		<ElapsedMinutes>0</ElapsedMinutes>
	</Testing>
</Site>
